#-----------------------------------------------------------
# Vivado v2020.1 (64-bit)
# SW Build 2902540 on Wed May 27 19:54:49 MDT 2020
# IP Build 2902112 on Wed May 27 22:43:36 MDT 2020
# Start of session at: Tue Mar 15 13:00:13 2022
# Process ID: 4968
# Current directory: D:/Documents/233263/DE1/digital-electronics-1/labs/05-ffs/flip_flops
# Command line: vivado.exe -gui_launcher_event rodinguilauncherevent13116 D:\Documents\233263\DE1\digital-electronics-1\labs\05-ffs\flip_flops\flip_flops.xpr
# Log file: D:/Documents/233263/DE1/digital-electronics-1/labs/05-ffs/flip_flops/vivado.log
# Journal file: D:/Documents/233263/DE1/digital-electronics-1/labs/05-ffs/flip_flops\vivado.jou
#-----------------------------------------------------------
start_gui
open_project D:/Documents/233263/DE1/digital-electronics-1/labs/05-ffs/flip_flops/flip_flops.xpr
INFO: [Project 1-313] Project file moved from 'D:/Documents/vecera 230345/digital-electronics-1/labs/05-ffs/flip_flops' since last save.
Scanning sources...
Finished scanning sources
INFO: [IP_Flow 19-234] Refreshing IP repositories
INFO: [IP_Flow 19-1704] No user IP repositories specified
INFO: [IP_Flow 19-2313] Loaded Vivado IP repository 'C:/APPZ/Xilinx/Vivado/2020.1/data/ip'.
update_compile_order -fileset sources_1
launch_simulation
Command: launch_simulation 
INFO: [Vivado 12-5682] Launching behavioral simulation in 'D:/Documents/233263/DE1/digital-electronics-1/labs/05-ffs/flip_flops/flip_flops.sim/sim_1/behav/xsim'
INFO: [SIM-utils-51] Simulation object is 'sim_1'
INFO: [SIM-utils-54] Inspecting design source files for 'tb_ff_rst' in fileset 'sim_1'...
INFO: [USF-XSim-97] Finding global include files...
INFO: [USF-XSim-98] Fetching design files from 'sim_1'...
INFO: [USF-XSim-2] XSim::Compile design
INFO: [USF-XSim-61] Executing 'COMPILE and ANALYZE' step in 'D:/Documents/233263/DE1/digital-electronics-1/labs/05-ffs/flip_flops/flip_flops.sim/sim_1/behav/xsim'
"xvhdl --incr --relax -prj tb_ff_rst_vhdl.prj"
INFO: [VRFC 10-163] Analyzing VHDL file "D:/Documents/233263/DE1/digital-electronics-1/labs/05-ffs/flip_flops/flip_flops.srcs/sources_1/new/d_ff_rst.vhd" into library xil_defaultlib
INFO: [VRFC 10-3107] analyzing entity 'd_ff_rst'
INFO: [VRFC 10-163] Analyzing VHDL file "D:/Documents/233263/DE1/digital-electronics-1/labs/05-ffs/flip_flops/flip_flops.srcs/sources_1/new/t_ff_rst.vhd" into library xil_defaultlib
INFO: [VRFC 10-3107] analyzing entity 't_ff_rst'
INFO: [VRFC 10-163] Analyzing VHDL file "D:/Documents/233263/DE1/digital-electronics-1/labs/05-ffs/flip_flops/flip_flops.srcs/sim_1/new/tb_ff_rst.vhd" into library xil_defaultlib
INFO: [VRFC 10-3107] analyzing entity 'tb_ff_rst'
INFO: [USF-XSim-69] 'compile' step finished in '3' seconds
INFO: [USF-XSim-3] XSim::Elaborate design
INFO: [USF-XSim-61] Executing 'ELABORATE' step in 'D:/Documents/233263/DE1/digital-electronics-1/labs/05-ffs/flip_flops/flip_flops.sim/sim_1/behav/xsim'
"xelab -wto a83083c224324c8f89d311e2e0ce8687 --incr --debug typical --relax --mt 2 -L xil_defaultlib -L secureip --snapshot tb_ff_rst_behav xil_defaultlib.tb_ff_rst -log elaborate.log"
Vivado Simulator 2020.1
Copyright 1986-1999, 2001-2020 Xilinx, Inc. All Rights Reserved.
Running: C:/APPZ/Xilinx/Vivado/2020.1/bin/unwrapped/win64.o/xelab.exe -wto a83083c224324c8f89d311e2e0ce8687 --incr --debug typical --relax --mt 2 -L xil_defaultlib -L secureip --snapshot tb_ff_rst_behav xil_defaultlib.tb_ff_rst -log elaborate.log 
Using 2 slave threads.
Starting static elaboration
Completed static elaboration
Starting simulation data flow analysis
Completed simulation data flow analysis
Time Resolution for simulation is 1ps
Compiling package std.standard
Compiling package std.textio
Compiling package ieee.std_logic_1164
Compiling architecture behavioral of entity xil_defaultlib.d_ff_rst [d_ff_rst_default]
Compiling architecture behavioral of entity xil_defaultlib.t_ff_rst [t_ff_rst_default]
Compiling architecture testbench of entity xil_defaultlib.tb_ff_rst
Built simulation snapshot tb_ff_rst_behav

****** Webtalk v2020.1 (64-bit)
  **** SW Build 2902540 on Wed May 27 19:54:49 MDT 2020
  **** IP Build 2902112 on Wed May 27 22:43:36 MDT 2020
    ** Copyright 1986-2020 Xilinx, Inc. All Rights Reserved.

source D:/Documents/233263/DE1/digital-electronics-1/labs/05-ffs/flip_flops/flip_flops.sim/sim_1/behav/xsim/xsim.dir/tb_ff_rst_behav/webtalk/xsim_webtalk.tcl -notrace
INFO: [Common 17-186] 'D:/Documents/233263/DE1/digital-electronics-1/labs/05-ffs/flip_flops/flip_flops.sim/sim_1/behav/xsim/xsim.dir/tb_ff_rst_behav/webtalk/usage_statistics_ext_xsim.xml' has been successfully sent to Xilinx on Tue Mar 15 13:00:47 2022. For additional details about this file, please refer to the WebTalk help file at C:/APPZ/Xilinx/Vivado/2020.1/doc/webtalk_introduction.html.
INFO: [Common 17-206] Exiting Webtalk at Tue Mar 15 13:00:47 2022...
run_program: Time (s): cpu = 00:00:01 ; elapsed = 00:00:07 . Memory (MB): peak = 1024.941 ; gain = 0.000
INFO: [USF-XSim-69] 'elaborate' step finished in '7' seconds
INFO: [USF-XSim-4] XSim::Simulate design
INFO: [USF-XSim-61] Executing 'SIMULATE' step in 'D:/Documents/233263/DE1/digital-electronics-1/labs/05-ffs/flip_flops/flip_flops.sim/sim_1/behav/xsim'
INFO: [USF-XSim-98] *** Running xsim
   with args "tb_ff_rst_behav -key {Behavioral:sim_1:Functional:tb_ff_rst} -tclbatch {tb_ff_rst.tcl} -log {simulate.log}"
INFO: [USF-XSim-8] Loading simulator feature
Vivado Simulator 2020.1
Time resolution is 1 ps
source tb_ff_rst.tcl
# set curr_wave [current_wave_config]
# if { [string length $curr_wave] == 0 } {
#   if { [llength [get_objects]] > 0} {
#     add_wave /
#     set_property needs_save false [current_wave_config]
#   } else {
#      send_msg_id Add_Wave-1 WARNING "No top level signals found. Simulator will start without a wave window. If you want to open a wave window go to 'File->New Waveform Configuration' or type 'create_wave_config' in the TCL console."
#   }
# }
# run 300ns
Note: Stimulus process started
Time: 0 ps  Iteration: 0  Process: /tb_ff_rst/p_stimulus  File: D:/Documents/233263/DE1/digital-electronics-1/labs/05-ffs/flip_flops/flip_flops.srcs/sim_1/new/tb_ff_rst.vhd
Note: Stimulus process finished
Time: 203 ns  Iteration: 0  Process: /tb_ff_rst/p_stimulus  File: D:/Documents/233263/DE1/digital-electronics-1/labs/05-ffs/flip_flops/flip_flops.srcs/sim_1/new/tb_ff_rst.vhd
INFO: [USF-XSim-96] XSim completed. Design snapshot 'tb_ff_rst_behav' loaded.
INFO: [USF-XSim-97] XSim simulation ran for 300ns
launch_simulation: Time (s): cpu = 00:00:09 ; elapsed = 00:00:14 . Memory (MB): peak = 1024.941 ; gain = 0.000
close_sim
INFO: [Simtcl 6-16] Simulation closed
close_sim: Time (s): cpu = 00:00:02 ; elapsed = 00:00:06 . Memory (MB): peak = 1024.941 ; gain = 0.000
launch_simulation
Command: launch_simulation 
INFO: [Vivado 12-5682] Launching behavioral simulation in 'D:/Documents/233263/DE1/digital-electronics-1/labs/05-ffs/flip_flops/flip_flops.sim/sim_1/behav/xsim'
INFO: [SIM-utils-51] Simulation object is 'sim_1'
INFO: [SIM-utils-54] Inspecting design source files for 'tb_ff_rst' in fileset 'sim_1'...
INFO: [USF-XSim-97] Finding global include files...
INFO: [USF-XSim-98] Fetching design files from 'sim_1'...
INFO: [USF-XSim-2] XSim::Compile design
INFO: [USF-XSim-61] Executing 'COMPILE and ANALYZE' step in 'D:/Documents/233263/DE1/digital-electronics-1/labs/05-ffs/flip_flops/flip_flops.sim/sim_1/behav/xsim'
"xvhdl --incr --relax -prj tb_ff_rst_vhdl.prj"
INFO: [VRFC 10-163] Analyzing VHDL file "D:/Documents/233263/DE1/digital-electronics-1/labs/05-ffs/flip_flops/flip_flops.srcs/sources_1/new/d_ff_rst.vhd" into library xil_defaultlib
INFO: [VRFC 10-3107] analyzing entity 'd_ff_rst'
INFO: [VRFC 10-163] Analyzing VHDL file "D:/Documents/233263/DE1/digital-electronics-1/labs/05-ffs/flip_flops/flip_flops.srcs/sim_1/new/tb_ff_rst.vhd" into library xil_defaultlib
INFO: [VRFC 10-3107] analyzing entity 'tb_ff_rst'
INFO: [USF-XSim-69] 'compile' step finished in '2' seconds
INFO: [USF-XSim-3] XSim::Elaborate design
INFO: [USF-XSim-61] Executing 'ELABORATE' step in 'D:/Documents/233263/DE1/digital-electronics-1/labs/05-ffs/flip_flops/flip_flops.sim/sim_1/behav/xsim'
"xelab -wto a83083c224324c8f89d311e2e0ce8687 --incr --debug typical --relax --mt 2 -L xil_defaultlib -L secureip --snapshot tb_ff_rst_behav xil_defaultlib.tb_ff_rst -log elaborate.log"
Vivado Simulator 2020.1
Copyright 1986-1999, 2001-2020 Xilinx, Inc. All Rights Reserved.
Running: C:/APPZ/Xilinx/Vivado/2020.1/bin/unwrapped/win64.o/xelab.exe -wto a83083c224324c8f89d311e2e0ce8687 --incr --debug typical --relax --mt 2 -L xil_defaultlib -L secureip --snapshot tb_ff_rst_behav xil_defaultlib.tb_ff_rst -log elaborate.log 
Using 2 slave threads.
Starting static elaboration
Completed static elaboration
Starting simulation data flow analysis
Completed simulation data flow analysis
Time Resolution for simulation is 1ps
Compiling package std.standard
Compiling package std.textio
Compiling package ieee.std_logic_1164
Compiling architecture behavioral of entity xil_defaultlib.d_ff_rst [d_ff_rst_default]
Compiling architecture behavioral of entity xil_defaultlib.t_ff_rst [t_ff_rst_default]
Compiling architecture testbench of entity xil_defaultlib.tb_ff_rst
Built simulation snapshot tb_ff_rst_behav
INFO: [USF-XSim-69] 'elaborate' step finished in '1' seconds
INFO: [USF-XSim-4] XSim::Simulate design
INFO: [USF-XSim-61] Executing 'SIMULATE' step in 'D:/Documents/233263/DE1/digital-electronics-1/labs/05-ffs/flip_flops/flip_flops.sim/sim_1/behav/xsim'
INFO: [USF-XSim-98] *** Running xsim
   with args "tb_ff_rst_behav -key {Behavioral:sim_1:Functional:tb_ff_rst} -tclbatch {tb_ff_rst.tcl} -log {simulate.log}"
INFO: [USF-XSim-8] Loading simulator feature
Vivado Simulator 2020.1
Time resolution is 1 ps
source tb_ff_rst.tcl
# set curr_wave [current_wave_config]
# if { [string length $curr_wave] == 0 } {
#   if { [llength [get_objects]] > 0} {
#     add_wave /
#     set_property needs_save false [current_wave_config]
#   } else {
#      send_msg_id Add_Wave-1 WARNING "No top level signals found. Simulator will start without a wave window. If you want to open a wave window go to 'File->New Waveform Configuration' or type 'create_wave_config' in the TCL console."
#   }
# }
# run 300ns
Note: Stimulus process started
Time: 0 ps  Iteration: 0  Process: /tb_ff_rst/p_stimulus  File: D:/Documents/233263/DE1/digital-electronics-1/labs/05-ffs/flip_flops/flip_flops.srcs/sim_1/new/tb_ff_rst.vhd
Note: Stimulus process finished
Time: 203 ns  Iteration: 0  Process: /tb_ff_rst/p_stimulus  File: D:/Documents/233263/DE1/digital-electronics-1/labs/05-ffs/flip_flops/flip_flops.srcs/sim_1/new/tb_ff_rst.vhd
INFO: [USF-XSim-96] XSim completed. Design snapshot 'tb_ff_rst_behav' loaded.
INFO: [USF-XSim-97] XSim simulation ran for 300ns
launch_simulation: Time (s): cpu = 00:00:04 ; elapsed = 00:00:06 . Memory (MB): peak = 1024.941 ; gain = 0.000
close_sim
INFO: [Simtcl 6-16] Simulation closed
launch_simulation
Command: launch_simulation 
INFO: [Vivado 12-5682] Launching behavioral simulation in 'D:/Documents/233263/DE1/digital-electronics-1/labs/05-ffs/flip_flops/flip_flops.sim/sim_1/behav/xsim'
INFO: [SIM-utils-51] Simulation object is 'sim_1'
INFO: [SIM-utils-54] Inspecting design source files for 'tb_ff_rst' in fileset 'sim_1'...
INFO: [USF-XSim-97] Finding global include files...
INFO: [USF-XSim-98] Fetching design files from 'sim_1'...
INFO: [USF-XSim-2] XSim::Compile design
INFO: [USF-XSim-61] Executing 'COMPILE and ANALYZE' step in 'D:/Documents/233263/DE1/digital-electronics-1/labs/05-ffs/flip_flops/flip_flops.sim/sim_1/behav/xsim'
"xvhdl --incr --relax -prj tb_ff_rst_vhdl.prj"
INFO: [VRFC 10-163] Analyzing VHDL file "D:/Documents/233263/DE1/digital-electronics-1/labs/05-ffs/flip_flops/flip_flops.srcs/sources_1/new/d_ff_rst.vhd" into library xil_defaultlib
INFO: [VRFC 10-3107] analyzing entity 'd_ff_rst'
INFO: [VRFC 10-163] Analyzing VHDL file "D:/Documents/233263/DE1/digital-electronics-1/labs/05-ffs/flip_flops/flip_flops.srcs/sources_1/new/t_ff_rst.vhd" into library xil_defaultlib
INFO: [VRFC 10-3107] analyzing entity 't_ff_rst'
INFO: [VRFC 10-163] Analyzing VHDL file "D:/Documents/233263/DE1/digital-electronics-1/labs/05-ffs/flip_flops/flip_flops.srcs/sim_1/new/tb_ff_rst.vhd" into library xil_defaultlib
INFO: [VRFC 10-3107] analyzing entity 'tb_ff_rst'
INFO: [USF-XSim-69] 'compile' step finished in '1' seconds
INFO: [USF-XSim-3] XSim::Elaborate design
INFO: [USF-XSim-61] Executing 'ELABORATE' step in 'D:/Documents/233263/DE1/digital-electronics-1/labs/05-ffs/flip_flops/flip_flops.sim/sim_1/behav/xsim'
"xelab -wto a83083c224324c8f89d311e2e0ce8687 --incr --debug typical --relax --mt 2 -L xil_defaultlib -L secureip --snapshot tb_ff_rst_behav xil_defaultlib.tb_ff_rst -log elaborate.log"
Vivado Simulator 2020.1
Copyright 1986-1999, 2001-2020 Xilinx, Inc. All Rights Reserved.
Running: C:/APPZ/Xilinx/Vivado/2020.1/bin/unwrapped/win64.o/xelab.exe -wto a83083c224324c8f89d311e2e0ce8687 --incr --debug typical --relax --mt 2 -L xil_defaultlib -L secureip --snapshot tb_ff_rst_behav xil_defaultlib.tb_ff_rst -log elaborate.log 
Using 2 slave threads.
Starting static elaboration
Completed static elaboration
Starting simulation data flow analysis
Completed simulation data flow analysis
Time Resolution for simulation is 1ps
Compiling package std.standard
Compiling package std.textio
Compiling package ieee.std_logic_1164
Compiling architecture behavioral of entity xil_defaultlib.d_ff_rst [d_ff_rst_default]
Compiling architecture behavioral of entity xil_defaultlib.t_ff_rst [t_ff_rst_default]
Compiling architecture testbench of entity xil_defaultlib.tb_ff_rst
Built simulation snapshot tb_ff_rst_behav
INFO: [USF-XSim-69] 'elaborate' step finished in '2' seconds
INFO: [USF-XSim-4] XSim::Simulate design
INFO: [USF-XSim-61] Executing 'SIMULATE' step in 'D:/Documents/233263/DE1/digital-electronics-1/labs/05-ffs/flip_flops/flip_flops.sim/sim_1/behav/xsim'
INFO: [USF-XSim-98] *** Running xsim
   with args "tb_ff_rst_behav -key {Behavioral:sim_1:Functional:tb_ff_rst} -tclbatch {tb_ff_rst.tcl} -log {simulate.log}"
INFO: [USF-XSim-8] Loading simulator feature
Vivado Simulator 2020.1
Time resolution is 1 ps
source tb_ff_rst.tcl
# set curr_wave [current_wave_config]
# if { [string length $curr_wave] == 0 } {
#   if { [llength [get_objects]] > 0} {
#     add_wave /
#     set_property needs_save false [current_wave_config]
#   } else {
#      send_msg_id Add_Wave-1 WARNING "No top level signals found. Simulator will start without a wave window. If you want to open a wave window go to 'File->New Waveform Configuration' or type 'create_wave_config' in the TCL console."
#   }
# }
# run 300ns
Note: Stimulus process started
Time: 0 ps  Iteration: 0  Process: /tb_ff_rst/p_stimulus  File: D:/Documents/233263/DE1/digital-electronics-1/labs/05-ffs/flip_flops/flip_flops.srcs/sim_1/new/tb_ff_rst.vhd
Note: Stimulus process finished
Time: 193 ns  Iteration: 0  Process: /tb_ff_rst/p_stimulus  File: D:/Documents/233263/DE1/digital-electronics-1/labs/05-ffs/flip_flops/flip_flops.srcs/sim_1/new/tb_ff_rst.vhd
INFO: [USF-XSim-96] XSim completed. Design snapshot 'tb_ff_rst_behav' loaded.
INFO: [USF-XSim-97] XSim simulation ran for 300ns
launch_simulation: Time (s): cpu = 00:00:03 ; elapsed = 00:00:06 . Memory (MB): peak = 1024.941 ; gain = 0.000
close_sim
INFO: [Simtcl 6-16] Simulation closed
launch_simulation
Command: launch_simulation 
INFO: [Vivado 12-5682] Launching behavioral simulation in 'D:/Documents/233263/DE1/digital-electronics-1/labs/05-ffs/flip_flops/flip_flops.sim/sim_1/behav/xsim'
INFO: [SIM-utils-51] Simulation object is 'sim_1'
INFO: [SIM-utils-54] Inspecting design source files for 'tb_ff_rst' in fileset 'sim_1'...
INFO: [USF-XSim-97] Finding global include files...
INFO: [USF-XSim-98] Fetching design files from 'sim_1'...
INFO: [USF-XSim-2] XSim::Compile design
INFO: [USF-XSim-61] Executing 'COMPILE and ANALYZE' step in 'D:/Documents/233263/DE1/digital-electronics-1/labs/05-ffs/flip_flops/flip_flops.sim/sim_1/behav/xsim'
"xvhdl --incr --relax -prj tb_ff_rst_vhdl.prj"
INFO: [VRFC 10-163] Analyzing VHDL file "D:/Documents/233263/DE1/digital-electronics-1/labs/05-ffs/flip_flops/flip_flops.srcs/sources_1/new/t_ff_rst.vhd" into library xil_defaultlib
INFO: [VRFC 10-3107] analyzing entity 't_ff_rst'
INFO: [VRFC 10-163] Analyzing VHDL file "D:/Documents/233263/DE1/digital-electronics-1/labs/05-ffs/flip_flops/flip_flops.srcs/sim_1/new/tb_ff_rst.vhd" into library xil_defaultlib
INFO: [VRFC 10-3107] analyzing entity 'tb_ff_rst'
INFO: [USF-XSim-69] 'compile' step finished in '2' seconds
INFO: [USF-XSim-3] XSim::Elaborate design
INFO: [USF-XSim-61] Executing 'ELABORATE' step in 'D:/Documents/233263/DE1/digital-electronics-1/labs/05-ffs/flip_flops/flip_flops.sim/sim_1/behav/xsim'
"xelab -wto a83083c224324c8f89d311e2e0ce8687 --incr --debug typical --relax --mt 2 -L xil_defaultlib -L secureip --snapshot tb_ff_rst_behav xil_defaultlib.tb_ff_rst -log elaborate.log"
Vivado Simulator 2020.1
Copyright 1986-1999, 2001-2020 Xilinx, Inc. All Rights Reserved.
Running: C:/APPZ/Xilinx/Vivado/2020.1/bin/unwrapped/win64.o/xelab.exe -wto a83083c224324c8f89d311e2e0ce8687 --incr --debug typical --relax --mt 2 -L xil_defaultlib -L secureip --snapshot tb_ff_rst_behav xil_defaultlib.tb_ff_rst -log elaborate.log 
Using 2 slave threads.
Starting static elaboration
Completed static elaboration
Starting simulation data flow analysis
Completed simulation data flow analysis
Time Resolution for simulation is 1ps
Compiling package std.standard
Compiling package std.textio
Compiling package ieee.std_logic_1164
Compiling architecture behavioral of entity xil_defaultlib.d_ff_rst [d_ff_rst_default]
Compiling architecture behavioral of entity xil_defaultlib.t_ff_rst [t_ff_rst_default]
Compiling architecture testbench of entity xil_defaultlib.tb_ff_rst
Built simulation snapshot tb_ff_rst_behav
INFO: [USF-XSim-69] 'elaborate' step finished in '1' seconds
INFO: [USF-XSim-4] XSim::Simulate design
INFO: [USF-XSim-61] Executing 'SIMULATE' step in 'D:/Documents/233263/DE1/digital-electronics-1/labs/05-ffs/flip_flops/flip_flops.sim/sim_1/behav/xsim'
INFO: [USF-XSim-98] *** Running xsim
   with args "tb_ff_rst_behav -key {Behavioral:sim_1:Functional:tb_ff_rst} -tclbatch {tb_ff_rst.tcl} -log {simulate.log}"
INFO: [USF-XSim-8] Loading simulator feature
Vivado Simulator 2020.1
Time resolution is 1 ps
source tb_ff_rst.tcl
# set curr_wave [current_wave_config]
# if { [string length $curr_wave] == 0 } {
#   if { [llength [get_objects]] > 0} {
#     add_wave /
#     set_property needs_save false [current_wave_config]
#   } else {
#      send_msg_id Add_Wave-1 WARNING "No top level signals found. Simulator will start without a wave window. If you want to open a wave window go to 'File->New Waveform Configuration' or type 'create_wave_config' in the TCL console."
#   }
# }
# run 300ns
Note: Stimulus process started
Time: 0 ps  Iteration: 0  Process: /tb_ff_rst/p_stimulus  File: D:/Documents/233263/DE1/digital-electronics-1/labs/05-ffs/flip_flops/flip_flops.srcs/sim_1/new/tb_ff_rst.vhd
Note: Stimulus process finished
Time: 193 ns  Iteration: 0  Process: /tb_ff_rst/p_stimulus  File: D:/Documents/233263/DE1/digital-electronics-1/labs/05-ffs/flip_flops/flip_flops.srcs/sim_1/new/tb_ff_rst.vhd
INFO: [USF-XSim-96] XSim completed. Design snapshot 'tb_ff_rst_behav' loaded.
INFO: [USF-XSim-97] XSim simulation ran for 300ns
launch_simulation: Time (s): cpu = 00:00:02 ; elapsed = 00:00:06 . Memory (MB): peak = 1024.941 ; gain = 0.000
close_sim
INFO: [Simtcl 6-16] Simulation closed
launch_simulation
Command: launch_simulation 
INFO: [Vivado 12-5682] Launching behavioral simulation in 'D:/Documents/233263/DE1/digital-electronics-1/labs/05-ffs/flip_flops/flip_flops.sim/sim_1/behav/xsim'
INFO: [SIM-utils-51] Simulation object is 'sim_1'
INFO: [SIM-utils-54] Inspecting design source files for 'tb_ff_rst' in fileset 'sim_1'...
INFO: [USF-XSim-97] Finding global include files...
INFO: [USF-XSim-98] Fetching design files from 'sim_1'...
INFO: [USF-XSim-2] XSim::Compile design
INFO: [USF-XSim-61] Executing 'COMPILE and ANALYZE' step in 'D:/Documents/233263/DE1/digital-electronics-1/labs/05-ffs/flip_flops/flip_flops.sim/sim_1/behav/xsim'
"xvhdl --incr --relax -prj tb_ff_rst_vhdl.prj"
INFO: [VRFC 10-163] Analyzing VHDL file "D:/Documents/233263/DE1/digital-electronics-1/labs/05-ffs/flip_flops/flip_flops.srcs/sim_1/new/tb_ff_rst.vhd" into library xil_defaultlib
INFO: [VRFC 10-3107] analyzing entity 'tb_ff_rst'
INFO: [USF-XSim-69] 'compile' step finished in '2' seconds
INFO: [USF-XSim-3] XSim::Elaborate design
INFO: [USF-XSim-61] Executing 'ELABORATE' step in 'D:/Documents/233263/DE1/digital-electronics-1/labs/05-ffs/flip_flops/flip_flops.sim/sim_1/behav/xsim'
"xelab -wto a83083c224324c8f89d311e2e0ce8687 --incr --debug typical --relax --mt 2 -L xil_defaultlib -L secureip --snapshot tb_ff_rst_behav xil_defaultlib.tb_ff_rst -log elaborate.log"
Vivado Simulator 2020.1
Copyright 1986-1999, 2001-2020 Xilinx, Inc. All Rights Reserved.
Running: C:/APPZ/Xilinx/Vivado/2020.1/bin/unwrapped/win64.o/xelab.exe -wto a83083c224324c8f89d311e2e0ce8687 --incr --debug typical --relax --mt 2 -L xil_defaultlib -L secureip --snapshot tb_ff_rst_behav xil_defaultlib.tb_ff_rst -log elaborate.log 
Using 2 slave threads.
Starting static elaboration
Completed static elaboration
Starting simulation data flow analysis
Completed simulation data flow analysis
Time Resolution for simulation is 1ps
Compiling package std.standard
Compiling package std.textio
Compiling package ieee.std_logic_1164
Compiling architecture behavioral of entity xil_defaultlib.d_ff_rst [d_ff_rst_default]
Compiling architecture behavioral of entity xil_defaultlib.t_ff_rst [t_ff_rst_default]
Compiling architecture testbench of entity xil_defaultlib.tb_ff_rst
Built simulation snapshot tb_ff_rst_behav
INFO: [USF-XSim-69] 'elaborate' step finished in '1' seconds
INFO: [USF-XSim-4] XSim::Simulate design
INFO: [USF-XSim-61] Executing 'SIMULATE' step in 'D:/Documents/233263/DE1/digital-electronics-1/labs/05-ffs/flip_flops/flip_flops.sim/sim_1/behav/xsim'
INFO: [USF-XSim-98] *** Running xsim
   with args "tb_ff_rst_behav -key {Behavioral:sim_1:Functional:tb_ff_rst} -tclbatch {tb_ff_rst.tcl} -log {simulate.log}"
INFO: [USF-XSim-8] Loading simulator feature
Vivado Simulator 2020.1
Time resolution is 1 ps
source tb_ff_rst.tcl
# set curr_wave [current_wave_config]
# if { [string length $curr_wave] == 0 } {
#   if { [llength [get_objects]] > 0} {
#     add_wave /
#     set_property needs_save false [current_wave_config]
#   } else {
#      send_msg_id Add_Wave-1 WARNING "No top level signals found. Simulator will start without a wave window. If you want to open a wave window go to 'File->New Waveform Configuration' or type 'create_wave_config' in the TCL console."
#   }
# }
# run 300ns
Note: Stimulus process started
Time: 0 ps  Iteration: 0  Process: /tb_ff_rst/p_stimulus  File: D:/Documents/233263/DE1/digital-electronics-1/labs/05-ffs/flip_flops/flip_flops.srcs/sim_1/new/tb_ff_rst.vhd
Note: Stimulus process finished
Time: 193 ns  Iteration: 0  Process: /tb_ff_rst/p_stimulus  File: D:/Documents/233263/DE1/digital-electronics-1/labs/05-ffs/flip_flops/flip_flops.srcs/sim_1/new/tb_ff_rst.vhd
INFO: [USF-XSim-96] XSim completed. Design snapshot 'tb_ff_rst_behav' loaded.
INFO: [USF-XSim-97] XSim simulation ran for 300ns
launch_simulation: Time (s): cpu = 00:00:03 ; elapsed = 00:00:05 . Memory (MB): peak = 1024.941 ; gain = 0.000
close_sim
INFO: [Simtcl 6-16] Simulation closed
launch_simulation
Command: launch_simulation 
INFO: [Vivado 12-5682] Launching behavioral simulation in 'D:/Documents/233263/DE1/digital-electronics-1/labs/05-ffs/flip_flops/flip_flops.sim/sim_1/behav/xsim'
INFO: [SIM-utils-51] Simulation object is 'sim_1'
INFO: [SIM-utils-54] Inspecting design source files for 'tb_ff_rst' in fileset 'sim_1'...
INFO: [USF-XSim-97] Finding global include files...
INFO: [USF-XSim-98] Fetching design files from 'sim_1'...
INFO: [USF-XSim-2] XSim::Compile design
INFO: [USF-XSim-61] Executing 'COMPILE and ANALYZE' step in 'D:/Documents/233263/DE1/digital-electronics-1/labs/05-ffs/flip_flops/flip_flops.sim/sim_1/behav/xsim'
"xvhdl --incr --relax -prj tb_ff_rst_vhdl.prj"
INFO: [USF-XSim-69] 'compile' step finished in '1' seconds
INFO: [USF-XSim-3] XSim::Elaborate design
INFO: [USF-XSim-61] Executing 'ELABORATE' step in 'D:/Documents/233263/DE1/digital-electronics-1/labs/05-ffs/flip_flops/flip_flops.sim/sim_1/behav/xsim'
"xelab -wto a83083c224324c8f89d311e2e0ce8687 --incr --debug typical --relax --mt 2 -L xil_defaultlib -L secureip --snapshot tb_ff_rst_behav xil_defaultlib.tb_ff_rst -log elaborate.log"
Vivado Simulator 2020.1
Copyright 1986-1999, 2001-2020 Xilinx, Inc. All Rights Reserved.
Running: C:/APPZ/Xilinx/Vivado/2020.1/bin/unwrapped/win64.o/xelab.exe -wto a83083c224324c8f89d311e2e0ce8687 --incr --debug typical --relax --mt 2 -L xil_defaultlib -L secureip --snapshot tb_ff_rst_behav xil_defaultlib.tb_ff_rst -log elaborate.log 
Using 2 slave threads.
Starting static elaboration
Completed static elaboration
INFO: [XSIM 43-4323] No Change in HDL. Linking previously generated obj files to create kernel
INFO: [USF-XSim-69] 'elaborate' step finished in '1' seconds
INFO: [USF-XSim-4] XSim::Simulate design
INFO: [USF-XSim-61] Executing 'SIMULATE' step in 'D:/Documents/233263/DE1/digital-electronics-1/labs/05-ffs/flip_flops/flip_flops.sim/sim_1/behav/xsim'
INFO: [USF-XSim-98] *** Running xsim
   with args "tb_ff_rst_behav -key {Behavioral:sim_1:Functional:tb_ff_rst} -tclbatch {tb_ff_rst.tcl} -log {simulate.log}"
INFO: [USF-XSim-8] Loading simulator feature
Vivado Simulator 2020.1
Time resolution is 1 ps
source tb_ff_rst.tcl
# set curr_wave [current_wave_config]
# if { [string length $curr_wave] == 0 } {
#   if { [llength [get_objects]] > 0} {
#     add_wave /
#     set_property needs_save false [current_wave_config]
#   } else {
#      send_msg_id Add_Wave-1 WARNING "No top level signals found. Simulator will start without a wave window. If you want to open a wave window go to 'File->New Waveform Configuration' or type 'create_wave_config' in the TCL console."
#   }
# }
# run 300ns
Note: Stimulus process started
Time: 0 ps  Iteration: 0  Process: /tb_ff_rst/p_stimulus  File: D:/Documents/233263/DE1/digital-electronics-1/labs/05-ffs/flip_flops/flip_flops.srcs/sim_1/new/tb_ff_rst.vhd
Note: Stimulus process finished
Time: 193 ns  Iteration: 0  Process: /tb_ff_rst/p_stimulus  File: D:/Documents/233263/DE1/digital-electronics-1/labs/05-ffs/flip_flops/flip_flops.srcs/sim_1/new/tb_ff_rst.vhd
INFO: [USF-XSim-96] XSim completed. Design snapshot 'tb_ff_rst_behav' loaded.
INFO: [USF-XSim-97] XSim simulation ran for 300ns
launch_simulation: Time (s): cpu = 00:00:02 ; elapsed = 00:00:05 . Memory (MB): peak = 1024.941 ; gain = 0.000
add_bp {D:/Documents/233263/DE1/digital-electronics-1/labs/05-ffs/flip_flops/flip_flops.srcs/sim_1/new/tb_ff_rst.vhd} 51
remove_bps -file {D:/Documents/233263/DE1/digital-electronics-1/labs/05-ffs/flip_flops/flip_flops.srcs/sim_1/new/tb_ff_rst.vhd} -line 51
add_bp {D:/Documents/233263/DE1/digital-electronics-1/labs/05-ffs/flip_flops/flip_flops.srcs/sim_1/new/tb_ff_rst.vhd} 93
remove_bps -file {D:/Documents/233263/DE1/digital-electronics-1/labs/05-ffs/flip_flops/flip_flops.srcs/sim_1/new/tb_ff_rst.vhd} -line 93
add_bp {D:/Documents/233263/DE1/digital-electronics-1/labs/05-ffs/flip_flops/flip_flops.srcs/sim_1/new/tb_ff_rst.vhd} 93
remove_bps -file {D:/Documents/233263/DE1/digital-electronics-1/labs/05-ffs/flip_flops/flip_flops.srcs/sim_1/new/tb_ff_rst.vhd} -line 93
add_bp {D:/Documents/233263/DE1/digital-electronics-1/labs/05-ffs/flip_flops/flip_flops.srcs/sim_1/new/tb_ff_rst.vhd} 95
remove_bps -file {D:/Documents/233263/DE1/digital-electronics-1/labs/05-ffs/flip_flops/flip_flops.srcs/sim_1/new/tb_ff_rst.vhd} -line 95
add_bp {D:/Documents/233263/DE1/digital-electronics-1/labs/05-ffs/flip_flops/flip_flops.srcs/sim_1/new/tb_ff_rst.vhd} 65
remove_bps -file {D:/Documents/233263/DE1/digital-electronics-1/labs/05-ffs/flip_flops/flip_flops.srcs/sim_1/new/tb_ff_rst.vhd} -line 65
add_bp {D:/Documents/233263/DE1/digital-electronics-1/labs/05-ffs/flip_flops/flip_flops.srcs/sim_1/new/tb_ff_rst.vhd} 65
remove_bps -file {D:/Documents/233263/DE1/digital-electronics-1/labs/05-ffs/flip_flops/flip_flops.srcs/sim_1/new/tb_ff_rst.vhd} -line 65
close_sim
INFO: [Simtcl 6-16] Simulation closed
launch_simulation
Command: launch_simulation 
INFO: [Vivado 12-5682] Launching behavioral simulation in 'D:/Documents/233263/DE1/digital-electronics-1/labs/05-ffs/flip_flops/flip_flops.sim/sim_1/behav/xsim'
INFO: [SIM-utils-51] Simulation object is 'sim_1'
INFO: [SIM-utils-54] Inspecting design source files for 'tb_ff_rst' in fileset 'sim_1'...
INFO: [USF-XSim-97] Finding global include files...
INFO: [USF-XSim-98] Fetching design files from 'sim_1'...
INFO: [USF-XSim-2] XSim::Compile design
INFO: [USF-XSim-61] Executing 'COMPILE and ANALYZE' step in 'D:/Documents/233263/DE1/digital-electronics-1/labs/05-ffs/flip_flops/flip_flops.sim/sim_1/behav/xsim'
"xvhdl --incr --relax -prj tb_ff_rst_vhdl.prj"
INFO: [VRFC 10-163] Analyzing VHDL file "D:/Documents/233263/DE1/digital-electronics-1/labs/05-ffs/flip_flops/flip_flops.srcs/sim_1/new/tb_ff_rst.vhd" into library xil_defaultlib
INFO: [VRFC 10-3107] analyzing entity 'tb_ff_rst'
INFO: [USF-XSim-69] 'compile' step finished in '1' seconds
INFO: [USF-XSim-3] XSim::Elaborate design
INFO: [USF-XSim-61] Executing 'ELABORATE' step in 'D:/Documents/233263/DE1/digital-electronics-1/labs/05-ffs/flip_flops/flip_flops.sim/sim_1/behav/xsim'
"xelab -wto a83083c224324c8f89d311e2e0ce8687 --incr --debug typical --relax --mt 2 -L xil_defaultlib -L secureip --snapshot tb_ff_rst_behav xil_defaultlib.tb_ff_rst -log elaborate.log"
Vivado Simulator 2020.1
Copyright 1986-1999, 2001-2020 Xilinx, Inc. All Rights Reserved.
Running: C:/APPZ/Xilinx/Vivado/2020.1/bin/unwrapped/win64.o/xelab.exe -wto a83083c224324c8f89d311e2e0ce8687 --incr --debug typical --relax --mt 2 -L xil_defaultlib -L secureip --snapshot tb_ff_rst_behav xil_defaultlib.tb_ff_rst -log elaborate.log 
Using 2 slave threads.
Starting static elaboration
Completed static elaboration
Starting simulation data flow analysis
Completed simulation data flow analysis
Time Resolution for simulation is 1ps
Compiling package std.standard
Compiling package std.textio
Compiling package ieee.std_logic_1164
Compiling architecture behavioral of entity xil_defaultlib.d_ff_rst [d_ff_rst_default]
Compiling architecture behavioral of entity xil_defaultlib.t_ff_rst [t_ff_rst_default]
Compiling architecture testbench of entity xil_defaultlib.tb_ff_rst
Built simulation snapshot tb_ff_rst_behav
INFO: [USF-XSim-69] 'elaborate' step finished in '2' seconds
INFO: [USF-XSim-4] XSim::Simulate design
INFO: [USF-XSim-61] Executing 'SIMULATE' step in 'D:/Documents/233263/DE1/digital-electronics-1/labs/05-ffs/flip_flops/flip_flops.sim/sim_1/behav/xsim'
INFO: [USF-XSim-98] *** Running xsim
   with args "tb_ff_rst_behav -key {Behavioral:sim_1:Functional:tb_ff_rst} -tclbatch {tb_ff_rst.tcl} -log {simulate.log}"
INFO: [USF-XSim-8] Loading simulator feature
Vivado Simulator 2020.1
Time resolution is 1 ps
source tb_ff_rst.tcl
# set curr_wave [current_wave_config]
# if { [string length $curr_wave] == 0 } {
#   if { [llength [get_objects]] > 0} {
#     add_wave /
#     set_property needs_save false [current_wave_config]
#   } else {
#      send_msg_id Add_Wave-1 WARNING "No top level signals found. Simulator will start without a wave window. If you want to open a wave window go to 'File->New Waveform Configuration' or type 'create_wave_config' in the TCL console."
#   }
# }
# run 300ns
Note: Stimulus process started
Time: 0 ps  Iteration: 0  Process: /tb_ff_rst/p_stimulus  File: D:/Documents/233263/DE1/digital-electronics-1/labs/05-ffs/flip_flops/flip_flops.srcs/sim_1/new/tb_ff_rst.vhd
Note: Stimulus process finished
Time: 248 ns  Iteration: 0  Process: /tb_ff_rst/p_stimulus  File: D:/Documents/233263/DE1/digital-electronics-1/labs/05-ffs/flip_flops/flip_flops.srcs/sim_1/new/tb_ff_rst.vhd
INFO: [USF-XSim-96] XSim completed. Design snapshot 'tb_ff_rst_behav' loaded.
INFO: [USF-XSim-97] XSim simulation ran for 300ns
launch_simulation: Time (s): cpu = 00:00:02 ; elapsed = 00:00:05 . Memory (MB): peak = 1024.941 ; gain = 0.000
close_sim
INFO: [Simtcl 6-16] Simulation closed
launch_simulation
Command: launch_simulation 
INFO: [Vivado 12-5682] Launching behavioral simulation in 'D:/Documents/233263/DE1/digital-electronics-1/labs/05-ffs/flip_flops/flip_flops.sim/sim_1/behav/xsim'
INFO: [SIM-utils-51] Simulation object is 'sim_1'
INFO: [SIM-utils-54] Inspecting design source files for 'tb_ff_rst' in fileset 'sim_1'...
INFO: [USF-XSim-97] Finding global include files...
INFO: [USF-XSim-98] Fetching design files from 'sim_1'...
INFO: [USF-XSim-2] XSim::Compile design
INFO: [USF-XSim-61] Executing 'COMPILE and ANALYZE' step in 'D:/Documents/233263/DE1/digital-electronics-1/labs/05-ffs/flip_flops/flip_flops.sim/sim_1/behav/xsim'
"xvhdl --incr --relax -prj tb_ff_rst_vhdl.prj"
INFO: [VRFC 10-163] Analyzing VHDL file "D:/Documents/233263/DE1/digital-electronics-1/labs/05-ffs/flip_flops/flip_flops.srcs/sim_1/new/tb_ff_rst.vhd" into library xil_defaultlib
INFO: [VRFC 10-3107] analyzing entity 'tb_ff_rst'
INFO: [USF-XSim-69] 'compile' step finished in '1' seconds
INFO: [USF-XSim-3] XSim::Elaborate design
INFO: [USF-XSim-61] Executing 'ELABORATE' step in 'D:/Documents/233263/DE1/digital-electronics-1/labs/05-ffs/flip_flops/flip_flops.sim/sim_1/behav/xsim'
"xelab -wto a83083c224324c8f89d311e2e0ce8687 --incr --debug typical --relax --mt 2 -L xil_defaultlib -L secureip --snapshot tb_ff_rst_behav xil_defaultlib.tb_ff_rst -log elaborate.log"
Vivado Simulator 2020.1
Copyright 1986-1999, 2001-2020 Xilinx, Inc. All Rights Reserved.
Running: C:/APPZ/Xilinx/Vivado/2020.1/bin/unwrapped/win64.o/xelab.exe -wto a83083c224324c8f89d311e2e0ce8687 --incr --debug typical --relax --mt 2 -L xil_defaultlib -L secureip --snapshot tb_ff_rst_behav xil_defaultlib.tb_ff_rst -log elaborate.log 
Using 2 slave threads.
Starting static elaboration
Completed static elaboration
Starting simulation data flow analysis
Completed simulation data flow analysis
Time Resolution for simulation is 1ps
Compiling package std.standard
Compiling package std.textio
Compiling package ieee.std_logic_1164
Compiling architecture behavioral of entity xil_defaultlib.d_ff_rst [d_ff_rst_default]
Compiling architecture behavioral of entity xil_defaultlib.t_ff_rst [t_ff_rst_default]
Compiling architecture testbench of entity xil_defaultlib.tb_ff_rst
Built simulation snapshot tb_ff_rst_behav
INFO: [USF-XSim-69] 'elaborate' step finished in '1' seconds
INFO: [USF-XSim-4] XSim::Simulate design
INFO: [USF-XSim-61] Executing 'SIMULATE' step in 'D:/Documents/233263/DE1/digital-electronics-1/labs/05-ffs/flip_flops/flip_flops.sim/sim_1/behav/xsim'
INFO: [USF-XSim-98] *** Running xsim
   with args "tb_ff_rst_behav -key {Behavioral:sim_1:Functional:tb_ff_rst} -tclbatch {tb_ff_rst.tcl} -log {simulate.log}"
INFO: [USF-XSim-8] Loading simulator feature
Vivado Simulator 2020.1
Time resolution is 1 ps
source tb_ff_rst.tcl
# set curr_wave [current_wave_config]
# if { [string length $curr_wave] == 0 } {
#   if { [llength [get_objects]] > 0} {
#     add_wave /
#     set_property needs_save false [current_wave_config]
#   } else {
#      send_msg_id Add_Wave-1 WARNING "No top level signals found. Simulator will start without a wave window. If you want to open a wave window go to 'File->New Waveform Configuration' or type 'create_wave_config' in the TCL console."
#   }
# }
# run 300ns
Note: Stimulus process started
Time: 0 ps  Iteration: 0  Process: /tb_ff_rst/p_stimulus  File: D:/Documents/233263/DE1/digital-electronics-1/labs/05-ffs/flip_flops/flip_flops.srcs/sim_1/new/tb_ff_rst.vhd
Note: Stimulus process finished
Time: 218 ns  Iteration: 0  Process: /tb_ff_rst/p_stimulus  File: D:/Documents/233263/DE1/digital-electronics-1/labs/05-ffs/flip_flops/flip_flops.srcs/sim_1/new/tb_ff_rst.vhd
INFO: [USF-XSim-96] XSim completed. Design snapshot 'tb_ff_rst_behav' loaded.
INFO: [USF-XSim-97] XSim simulation ran for 300ns
launch_simulation: Time (s): cpu = 00:00:02 ; elapsed = 00:00:05 . Memory (MB): peak = 1024.941 ; gain = 0.000
close_sim
INFO: [Simtcl 6-16] Simulation closed
launch_simulation
Command: launch_simulation 
INFO: [Vivado 12-5682] Launching behavioral simulation in 'D:/Documents/233263/DE1/digital-electronics-1/labs/05-ffs/flip_flops/flip_flops.sim/sim_1/behav/xsim'
INFO: [SIM-utils-51] Simulation object is 'sim_1'
INFO: [SIM-utils-54] Inspecting design source files for 'tb_ff_rst' in fileset 'sim_1'...
INFO: [USF-XSim-97] Finding global include files...
INFO: [USF-XSim-98] Fetching design files from 'sim_1'...
INFO: [USF-XSim-2] XSim::Compile design
INFO: [USF-XSim-61] Executing 'COMPILE and ANALYZE' step in 'D:/Documents/233263/DE1/digital-electronics-1/labs/05-ffs/flip_flops/flip_flops.sim/sim_1/behav/xsim'
"xvhdl --incr --relax -prj tb_ff_rst_vhdl.prj"
INFO: [VRFC 10-163] Analyzing VHDL file "D:/Documents/233263/DE1/digital-electronics-1/labs/05-ffs/flip_flops/flip_flops.srcs/sim_1/new/tb_ff_rst.vhd" into library xil_defaultlib
INFO: [VRFC 10-3107] analyzing entity 'tb_ff_rst'
INFO: [USF-XSim-69] 'compile' step finished in '2' seconds
INFO: [USF-XSim-3] XSim::Elaborate design
INFO: [USF-XSim-61] Executing 'ELABORATE' step in 'D:/Documents/233263/DE1/digital-electronics-1/labs/05-ffs/flip_flops/flip_flops.sim/sim_1/behav/xsim'
"xelab -wto a83083c224324c8f89d311e2e0ce8687 --incr --debug typical --relax --mt 2 -L xil_defaultlib -L secureip --snapshot tb_ff_rst_behav xil_defaultlib.tb_ff_rst -log elaborate.log"
Vivado Simulator 2020.1
Copyright 1986-1999, 2001-2020 Xilinx, Inc. All Rights Reserved.
Running: C:/APPZ/Xilinx/Vivado/2020.1/bin/unwrapped/win64.o/xelab.exe -wto a83083c224324c8f89d311e2e0ce8687 --incr --debug typical --relax --mt 2 -L xil_defaultlib -L secureip --snapshot tb_ff_rst_behav xil_defaultlib.tb_ff_rst -log elaborate.log 
Using 2 slave threads.
Starting static elaboration
Completed static elaboration
Starting simulation data flow analysis
Completed simulation data flow analysis
Time Resolution for simulation is 1ps
Compiling package std.standard
Compiling package std.textio
Compiling package ieee.std_logic_1164
Compiling architecture behavioral of entity xil_defaultlib.d_ff_rst [d_ff_rst_default]
Compiling architecture behavioral of entity xil_defaultlib.t_ff_rst [t_ff_rst_default]
Compiling architecture testbench of entity xil_defaultlib.tb_ff_rst
Built simulation snapshot tb_ff_rst_behav
INFO: [USF-XSim-69] 'elaborate' step finished in '1' seconds
INFO: [USF-XSim-4] XSim::Simulate design
INFO: [USF-XSim-61] Executing 'SIMULATE' step in 'D:/Documents/233263/DE1/digital-electronics-1/labs/05-ffs/flip_flops/flip_flops.sim/sim_1/behav/xsim'
INFO: [USF-XSim-98] *** Running xsim
   with args "tb_ff_rst_behav -key {Behavioral:sim_1:Functional:tb_ff_rst} -tclbatch {tb_ff_rst.tcl} -log {simulate.log}"
INFO: [USF-XSim-8] Loading simulator feature
Vivado Simulator 2020.1
Time resolution is 1 ps
source tb_ff_rst.tcl
# set curr_wave [current_wave_config]
# if { [string length $curr_wave] == 0 } {
#   if { [llength [get_objects]] > 0} {
#     add_wave /
#     set_property needs_save false [current_wave_config]
#   } else {
#      send_msg_id Add_Wave-1 WARNING "No top level signals found. Simulator will start without a wave window. If you want to open a wave window go to 'File->New Waveform Configuration' or type 'create_wave_config' in the TCL console."
#   }
# }
# run 300ns
Note: Stimulus process started
Time: 0 ps  Iteration: 0  Process: /tb_ff_rst/p_stimulus  File: D:/Documents/233263/DE1/digital-electronics-1/labs/05-ffs/flip_flops/flip_flops.srcs/sim_1/new/tb_ff_rst.vhd
Note: Stimulus process finished
Time: 185 ns  Iteration: 0  Process: /tb_ff_rst/p_stimulus  File: D:/Documents/233263/DE1/digital-electronics-1/labs/05-ffs/flip_flops/flip_flops.srcs/sim_1/new/tb_ff_rst.vhd
INFO: [USF-XSim-96] XSim completed. Design snapshot 'tb_ff_rst_behav' loaded.
INFO: [USF-XSim-97] XSim simulation ran for 300ns
launch_simulation: Time (s): cpu = 00:00:02 ; elapsed = 00:00:05 . Memory (MB): peak = 1024.941 ; gain = 0.000
set_property -name {xsim.simulate.runtime} -value {250ns} -objects [get_filesets sim_1]
close_sim
INFO: [Simtcl 6-16] Simulation closed
launch_simulation
Command: launch_simulation 
INFO: [Vivado 12-5682] Launching behavioral simulation in 'D:/Documents/233263/DE1/digital-electronics-1/labs/05-ffs/flip_flops/flip_flops.sim/sim_1/behav/xsim'
INFO: [SIM-utils-51] Simulation object is 'sim_1'
INFO: [SIM-utils-54] Inspecting design source files for 'tb_ff_rst' in fileset 'sim_1'...
INFO: [USF-XSim-97] Finding global include files...
INFO: [USF-XSim-98] Fetching design files from 'sim_1'...
INFO: [USF-XSim-2] XSim::Compile design
INFO: [USF-XSim-61] Executing 'COMPILE and ANALYZE' step in 'D:/Documents/233263/DE1/digital-electronics-1/labs/05-ffs/flip_flops/flip_flops.sim/sim_1/behav/xsim'
"xvhdl --incr --relax -prj tb_ff_rst_vhdl.prj"
INFO: [USF-XSim-69] 'compile' step finished in '2' seconds
INFO: [USF-XSim-3] XSim::Elaborate design
INFO: [USF-XSim-61] Executing 'ELABORATE' step in 'D:/Documents/233263/DE1/digital-electronics-1/labs/05-ffs/flip_flops/flip_flops.sim/sim_1/behav/xsim'
"xelab -wto a83083c224324c8f89d311e2e0ce8687 --incr --debug typical --relax --mt 2 -L xil_defaultlib -L secureip --snapshot tb_ff_rst_behav xil_defaultlib.tb_ff_rst -log elaborate.log"
Vivado Simulator 2020.1
Copyright 1986-1999, 2001-2020 Xilinx, Inc. All Rights Reserved.
Running: C:/APPZ/Xilinx/Vivado/2020.1/bin/unwrapped/win64.o/xelab.exe -wto a83083c224324c8f89d311e2e0ce8687 --incr --debug typical --relax --mt 2 -L xil_defaultlib -L secureip --snapshot tb_ff_rst_behav xil_defaultlib.tb_ff_rst -log elaborate.log 
Using 2 slave threads.
Starting static elaboration
Completed static elaboration
INFO: [XSIM 43-4323] No Change in HDL. Linking previously generated obj files to create kernel
INFO: [USF-XSim-69] 'elaborate' step finished in '1' seconds
INFO: [USF-XSim-4] XSim::Simulate design
INFO: [USF-XSim-61] Executing 'SIMULATE' step in 'D:/Documents/233263/DE1/digital-electronics-1/labs/05-ffs/flip_flops/flip_flops.sim/sim_1/behav/xsim'
INFO: [USF-XSim-98] *** Running xsim
   with args "tb_ff_rst_behav -key {Behavioral:sim_1:Functional:tb_ff_rst} -tclbatch {tb_ff_rst.tcl} -log {simulate.log}"
INFO: [USF-XSim-8] Loading simulator feature
Vivado Simulator 2020.1
Time resolution is 1 ps
source tb_ff_rst.tcl
# set curr_wave [current_wave_config]
# if { [string length $curr_wave] == 0 } {
#   if { [llength [get_objects]] > 0} {
#     add_wave /
#     set_property needs_save false [current_wave_config]
#   } else {
#      send_msg_id Add_Wave-1 WARNING "No top level signals found. Simulator will start without a wave window. If you want to open a wave window go to 'File->New Waveform Configuration' or type 'create_wave_config' in the TCL console."
#   }
# }
# run 250ns
Note: Stimulus process started
Time: 0 ps  Iteration: 0  Process: /tb_ff_rst/p_stimulus  File: D:/Documents/233263/DE1/digital-electronics-1/labs/05-ffs/flip_flops/flip_flops.srcs/sim_1/new/tb_ff_rst.vhd
Note: Stimulus process finished
Time: 185 ns  Iteration: 0  Process: /tb_ff_rst/p_stimulus  File: D:/Documents/233263/DE1/digital-electronics-1/labs/05-ffs/flip_flops/flip_flops.srcs/sim_1/new/tb_ff_rst.vhd
INFO: [USF-XSim-96] XSim completed. Design snapshot 'tb_ff_rst_behav' loaded.
INFO: [USF-XSim-97] XSim simulation ran for 250ns
launch_simulation: Time (s): cpu = 00:00:03 ; elapsed = 00:00:05 . Memory (MB): peak = 1024.941 ; gain = 0.000
close_sim
INFO: [Simtcl 6-16] Simulation closed
launch_simulation
Command: launch_simulation 
INFO: [Vivado 12-5682] Launching behavioral simulation in 'D:/Documents/233263/DE1/digital-electronics-1/labs/05-ffs/flip_flops/flip_flops.sim/sim_1/behav/xsim'
INFO: [SIM-utils-51] Simulation object is 'sim_1'
INFO: [SIM-utils-54] Inspecting design source files for 'tb_ff_rst' in fileset 'sim_1'...
INFO: [USF-XSim-97] Finding global include files...
INFO: [USF-XSim-98] Fetching design files from 'sim_1'...
INFO: [USF-XSim-2] XSim::Compile design
INFO: [USF-XSim-61] Executing 'COMPILE and ANALYZE' step in 'D:/Documents/233263/DE1/digital-electronics-1/labs/05-ffs/flip_flops/flip_flops.sim/sim_1/behav/xsim'
"xvhdl --incr --relax -prj tb_ff_rst_vhdl.prj"
INFO: [USF-XSim-69] 'compile' step finished in '1' seconds
INFO: [USF-XSim-3] XSim::Elaborate design
INFO: [USF-XSim-61] Executing 'ELABORATE' step in 'D:/Documents/233263/DE1/digital-electronics-1/labs/05-ffs/flip_flops/flip_flops.sim/sim_1/behav/xsim'
"xelab -wto a83083c224324c8f89d311e2e0ce8687 --incr --debug typical --relax --mt 2 -L xil_defaultlib -L secureip --snapshot tb_ff_rst_behav xil_defaultlib.tb_ff_rst -log elaborate.log"
Vivado Simulator 2020.1
Copyright 1986-1999, 2001-2020 Xilinx, Inc. All Rights Reserved.
Running: C:/APPZ/Xilinx/Vivado/2020.1/bin/unwrapped/win64.o/xelab.exe -wto a83083c224324c8f89d311e2e0ce8687 --incr --debug typical --relax --mt 2 -L xil_defaultlib -L secureip --snapshot tb_ff_rst_behav xil_defaultlib.tb_ff_rst -log elaborate.log 
Using 2 slave threads.
Starting static elaboration
Completed static elaboration
INFO: [XSIM 43-4323] No Change in HDL. Linking previously generated obj files to create kernel
INFO: [USF-XSim-69] 'elaborate' step finished in '1' seconds
INFO: [USF-XSim-4] XSim::Simulate design
INFO: [USF-XSim-61] Executing 'SIMULATE' step in 'D:/Documents/233263/DE1/digital-electronics-1/labs/05-ffs/flip_flops/flip_flops.sim/sim_1/behav/xsim'
INFO: [USF-XSim-98] *** Running xsim
   with args "tb_ff_rst_behav -key {Behavioral:sim_1:Functional:tb_ff_rst} -tclbatch {tb_ff_rst.tcl} -log {simulate.log}"
INFO: [USF-XSim-8] Loading simulator feature
Vivado Simulator 2020.1
Time resolution is 1 ps
source tb_ff_rst.tcl
# set curr_wave [current_wave_config]
# if { [string length $curr_wave] == 0 } {
#   if { [llength [get_objects]] > 0} {
#     add_wave /
#     set_property needs_save false [current_wave_config]
#   } else {
#      send_msg_id Add_Wave-1 WARNING "No top level signals found. Simulator will start without a wave window. If you want to open a wave window go to 'File->New Waveform Configuration' or type 'create_wave_config' in the TCL console."
#   }
# }
# run 250ns
Note: Stimulus process started
Time: 0 ps  Iteration: 0  Process: /tb_ff_rst/p_stimulus  File: D:/Documents/233263/DE1/digital-electronics-1/labs/05-ffs/flip_flops/flip_flops.srcs/sim_1/new/tb_ff_rst.vhd
Note: Stimulus process finished
Time: 185 ns  Iteration: 0  Process: /tb_ff_rst/p_stimulus  File: D:/Documents/233263/DE1/digital-electronics-1/labs/05-ffs/flip_flops/flip_flops.srcs/sim_1/new/tb_ff_rst.vhd
INFO: [USF-XSim-96] XSim completed. Design snapshot 'tb_ff_rst_behav' loaded.
INFO: [USF-XSim-97] XSim simulation ran for 250ns
launch_simulation: Time (s): cpu = 00:00:02 ; elapsed = 00:00:05 . Memory (MB): peak = 1024.941 ; gain = 0.000
close_sim
INFO: [Simtcl 6-16] Simulation closed
exit
INFO: [Common 17-206] Exiting Vivado at Tue Mar 15 14:35:08 2022...
